<?xml version="1.0" encoding="UTF-8"?>
<testsuite xmlns:xsi="http://www.w3.org/2001/XMLSchema-instance" xsi:noNamespaceSchemaLocation="https://maven.apache.org/surefire/maven-surefire-plugin/xsd/surefire-test-report.xsd" name="[0]" time="1,179.656" tests="68" errors="9" skipped="1" failures="9">
  <properties>
    <property name="java.runtime.name" value="Java(TM) SE Runtime Environment"/>
    <property name="sun.boot.library.path" value="/Library/Java/JavaVirtualMachines/jdk1.8.0_131.jdk/Contents/Home/jre/lib"/>
    <property name="java.vm.version" value="25.131-b11"/>
    <property name="user.country.format" value="IN"/>
    <property name="gopherProxySet" value="false"/>
    <property name="java.vm.vendor" value="Oracle Corporation"/>
    <property name="maven.multiModuleProjectDirectory" value="/Users/Jyothin/competitors/benchmark/benchmarking"/>
    <property name="java.vendor.url" value="http://java.oracle.com/"/>
    <property name="path.separator" value=":"/>
    <property name="guice.disable.misplaced.annotation.check" value="true"/>
    <property name="java.vm.name" value="Java HotSpot(TM) 64-Bit Server VM"/>
    <property name="file.encoding.pkg" value="sun.io"/>
    <property name="user.country" value="US"/>
    <property name="sun.java.launcher" value="SUN_STANDARD"/>
    <property name="sun.os.patch.level" value="unknown"/>
    <property name="java.vm.specification.name" value="Java Virtual Machine Specification"/>
    <property name="user.dir" value="/Users/Jyothin/competitors/benchmark/benchmarking"/>
    <property name="java.runtime.version" value="1.8.0_131-b11"/>
    <property name="java.awt.graphicsenv" value="sun.awt.CGraphicsEnvironment"/>
    <property name="java.endorsed.dirs" value="/Library/Java/JavaVirtualMachines/jdk1.8.0_131.jdk/Contents/Home/jre/lib/endorsed"/>
    <property name="os.arch" value="x86_64"/>
    <property name="java.io.tmpdir" value="/var/folders/rb/960k633j4ddbd88pm388rdmh0000gp/T/"/>
    <property name="line.separator" value="&#10;"/>
    <property name="java.vm.specification.vendor" value="Oracle Corporation"/>
    <property name="os.name" value="Mac OS X"/>
    <property name="classworlds.conf" value="/usr/local/Cellar/maven/3.5.0/libexec/bin/m2.conf"/>
    <property name="sun.jnu.encoding" value="UTF-8"/>
    <property name="java.library.path" value="/Users/Jyothin/Library/Java/Extensions:/Library/Java/Extensions:/Network/Library/Java/Extensions:/System/Library/Java/Extensions:/usr/lib/java:."/>
    <property name="maven.conf" value="/usr/local/Cellar/maven/3.5.0/libexec/conf"/>
    <property name="java.specification.name" value="Java Platform API Specification"/>
    <property name="java.class.version" value="52.0"/>
    <property name="sun.management.compiler" value="HotSpot 64-Bit Tiered Compilers"/>
    <property name="os.version" value="10.11.6"/>
    <property name="library.jansi.path" value="/usr/local/Cellar/maven/3.5.0/libexec/lib/jansi-native/osx64"/>
    <property name="http.nonProxyHosts" value="local|*.local|169.254/16|*.169.254/16"/>
    <property name="user.home" value="/Users/Jyothin"/>
    <property name="user.timezone" value="Asia/Kolkata"/>
    <property name="java.awt.printerjob" value="sun.lwawt.macosx.CPrinterJob"/>
    <property name="java.specification.version" value="1.8"/>
    <property name="file.encoding" value="UTF-8"/>
    <property name="user.name" value="Jyothin"/>
    <property name="java.class.path" value="/usr/local/Cellar/maven/3.5.0/libexec/boot/plexus-classworlds-2.5.2.jar"/>
    <property name="java.vm.specification.version" value="1.8"/>
    <property name="sun.arch.data.model" value="64"/>
    <property name="java.home" value="/Library/Java/JavaVirtualMachines/jdk1.8.0_131.jdk/Contents/Home/jre"/>
    <property name="sun.java.command" value="org.codehaus.plexus.classworlds.launcher.Launcher site"/>
    <property name="java.specification.vendor" value="Oracle Corporation"/>
    <property name="user.language" value="en"/>
    <property name="awt.toolkit" value="sun.lwawt.macosx.LWCToolkit"/>
    <property name="java.vm.info" value="mixed mode"/>
    <property name="java.version" value="1.8.0_131"/>
    <property name="java.ext.dirs" value="/Users/Jyothin/Library/Java/Extensions:/Library/Java/JavaVirtualMachines/jdk1.8.0_131.jdk/Contents/Home/jre/lib/ext:/Library/Java/Extensions:/Network/Library/Java/Extensions:/System/Library/Java/Extensions:/usr/lib/java"/>
    <property name="sun.boot.class.path" value="/Library/Java/JavaVirtualMachines/jdk1.8.0_131.jdk/Contents/Home/jre/lib/resources.jar:/Library/Java/JavaVirtualMachines/jdk1.8.0_131.jdk/Contents/Home/jre/lib/rt.jar:/Library/Java/JavaVirtualMachines/jdk1.8.0_131.jdk/Contents/Home/jre/lib/sunrsasign.jar:/Library/Java/JavaVirtualMachines/jdk1.8.0_131.jdk/Contents/Home/jre/lib/jsse.jar:/Library/Java/JavaVirtualMachines/jdk1.8.0_131.jdk/Contents/Home/jre/lib/jce.jar:/Library/Java/JavaVirtualMachines/jdk1.8.0_131.jdk/Contents/Home/jre/lib/charsets.jar:/Library/Java/JavaVirtualMachines/jdk1.8.0_131.jdk/Contents/Home/jre/lib/jfr.jar:/Library/Java/JavaVirtualMachines/jdk1.8.0_131.jdk/Contents/Home/jre/classes"/>
    <property name="java.vendor" value="Oracle Corporation"/>
    <property name="maven.home" value="/usr/local/Cellar/maven/3.5.0/libexec"/>
    <property name="file.separator" value="/"/>
    <property name="java.vendor.url.bug" value="http://bugreport.sun.com/bugreport/"/>
    <property name="sun.cpu.endian" value="little"/>
    <property name="sun.io.unicode.encoding" value="UnicodeBig"/>
    <property name="socksNonProxyHosts" value="local|*.local|169.254/16|*.169.254/16"/>
    <property name="ftp.nonProxyHosts" value="local|*.local|169.254/16|*.169.254/16"/>
    <property name="sun.cpu.isalist" value=""/>
  </properties>
  <testcase name="verifyScreenshotTest[0]" classname="com.browserstack.benchmark.saucelabs.TestSuite2" time="84.051">
    <failure type="java.lang.AssertionError">java.lang.AssertionError
	at com.browserstack.benchmark.saucelabs.TestSuite2.verifyScreenshotTest(TestSuite2.java:772)
</failure>
    <system-out><![CDATA[SauceOnDemandSessionID=a0437f2f03ba42e586c60cde1bd96b84 job-name=com.browserstack.benchmark.saucelabs.TestSuite2.verifyScreenshotTest[0]
Job link: https://saucelabs.com/jobs/a0437f2f03ba42e586c60cde1bd96b84?auth=6ab7ee5a8c38f5ed1efd616bde99de55
]]></system-out>
    <system-err><![CDATA[Jul 05, 2017 10:39:30 PM org.openqa.selenium.remote.ProtocolHandshake createSession
INFO: Detected dialect: OSS
Jul 05, 2017 10:39:33 PM com.browserstack.benchmark.saucelabs.TestSuite2 verifyScreenshotTest
INFO: ./src/test/resources/reference_screenshot.png
]]></system-err>
  </testcase>
  <testcase name="verifyExecuteScriptTest[0]" classname="com.browserstack.benchmark.saucelabs.TestSuite2" time="96.313"/>
  <testcase name="verifyGetImgSrcTest[0]" classname="com.browserstack.benchmark.saucelabs.TestSuite2" time="41.052"/>
  <testcase name="verifyRefreshTest[0]" classname="com.browserstack.benchmark.saucelabs.TestSuite2" time="112.369"/>
  <testcase name="verifyGetElementByNameTest[0]" classname="com.browserstack.benchmark.saucelabs.TestSuite2" time="50.223"/>
  <testcase name="verifyContextClickTest[0]" classname="com.browserstack.benchmark.saucelabs.TestSuite2" time="36.335"/>
  <testcase name="verifyCloseCurrentWindowTest[0]" classname="com.browserstack.benchmark.saucelabs.TestSuite2" time="71.621">
    <failure type="java.lang.AssertionError">java.lang.AssertionError
	at com.browserstack.benchmark.saucelabs.TestSuite2.verifyCloseCurrentWindowTest(TestSuite2.java:942)
</failure>
    <system-out><![CDATA[SauceOnDemandSessionID=3bc3b2df43c04fd0993e8f81f4c4b9b6 job-name=com.browserstack.benchmark.saucelabs.TestSuite2.verifyCloseCurrentWindowTest[0]
Job link: https://saucelabs.com/jobs/3bc3b2df43c04fd0993e8f81f4c4b9b6?auth=d388585c9d448910f0910f490433fca0
]]></system-out>
    <system-err><![CDATA[Jul 05, 2017 10:39:19 PM org.openqa.selenium.remote.ProtocolHandshake createSession
INFO: Detected dialect: OSS
Jul 05, 2017 10:39:21 PM com.browserstack.benchmark.saucelabs.TestSuite2 verifyCloseCurrentWindowTest
INFO: session XXXXXXXX-XXXX-XXXX-XXXX-XXXX95ed3abb does not exist
Command duration or timeout: 0 milliseconds
Build info: version: '2.53.1', revision: 'a36b8b1', time: '2016-06-30 17:37:03'
System info: host: 'WIN-SB3ER6JQ6ME', ip: '172.20.112.207', os.name: 'Windows 10', os.arch: 'x86', os.version: '10.0', java.version: '1.8.0_91'
Driver info: org.openqa.selenium.ie.InternetExplorerDriver
Capabilities [{browserAttachTimeout=0, ie.enableFullPageScreenshot=true, enablePersistentHover=true, ie.forceCreateProcessApi=false, ie.forceShellWindowsApi=false, pageLoadStrategy=normal, ignoreZoomSetting=false, ie.fileUploadDialogTimeout=3000, version=11, platform=WINDOWS, nativeEvents=true, ie.ensureCleanSession=false, elementScrollBehavior=0, ie.browserCommandLineSwitches=, requireWindowFocus=false, browserName=internet explorer, initialBrowserUrl=about:blank, javascriptEnabled=true, ignoreProtectedModeSettings=false, enableElementCacheCleanup=true, unexpectedAlertBehaviour=dismiss}]
Session ID: XXXXXXXX-XXXX-XXXX-XXXX-XXXX95ed3abb
Command duration or timeout: 433 milliseconds
]]></system-err>
  </testcase>
  <testcase name="verifyGetTagTest[0]" classname="com.browserstack.benchmark.saucelabs.TestSuite2" time="61.965"/>
  <testcase name="verifyGetElementByIdTest[0]" classname="com.browserstack.benchmark.saucelabs.TestSuite2" time="22.259"/>
  <testcase name="verifyKeyDownAndUpTest[0]" classname="com.browserstack.benchmark.saucelabs.TestSuite2" time="27.393">
    <failure type="java.lang.AssertionError">java.lang.AssertionError
	at com.browserstack.benchmark.saucelabs.TestSuite2.verifyKeyDownAndUpTest(TestSuite2.java:693)
</failure>
    <system-out><![CDATA[SauceOnDemandSessionID=3105abd14b594a8e908a18e4e5ed67e6 job-name=com.browserstack.benchmark.saucelabs.TestSuite2.verifyKeyDownAndUpTest[0]
Job link: https://saucelabs.com/jobs/3105abd14b594a8e908a18e4e5ed67e6?auth=a2b10bed3beff562007b0036b58a2ad3
]]></system-out>
    <system-err><![CDATA[Jul 05, 2017 10:38:21 PM org.openqa.selenium.remote.ProtocolHandshake createSession
INFO: Detected dialect: OSS
]]></system-err>
  </testcase>
  <testcase name="verifyAlertTextTest[0]" classname="com.browserstack.benchmark.saucelabs.TestSuite2" time="708.03">
    <error message="Error communicating with the remote browser. It may have died.&#10;Build info: version: &apos;3.4.0&apos;, revision: &apos;unknown&apos;, time: &apos;unknown&apos;&#10;System info: host: &apos;JYOTHIN-MBP.local&apos;, ip: &apos;fe80:0:0:0:c6b3:1ff:fec2:cb65%en0&apos;, os.name: &apos;Mac OS X&apos;, os.arch: &apos;x86_64&apos;, os.version: &apos;10.11.6&apos;, java.version: &apos;1.8.0_131&apos;&#10;Driver info: driver.version: RemoteWebDriver&#10;Capabilities [{enablePersistentHover=true, ie.fileUploadDialogTimeout=3000.0, platform=WINDOWS, ie.ensureCleanSession=false, ie.browserCommandLineSwitches=, requireWindowFocus=false, takesScreenshot=true, browserName=internet explorer, javascriptEnabled=true, unexpectedAlertBehaviour=dismiss, browserAttachTimeout=0.0, ie.enableFullPageScreenshot=true, ie.forceCreateProcessApi=false, ie.forceShellWindowsApi=false, pageLoadStrategy=normal, ignoreZoomSetting=false, hasMetadata=true, version=11, nativeEvents=true, elementScrollBehavior=0.0, webdriver.remote.sessionid=fc1d34baec6141128563d22d1a56cb8b, initialBrowserUrl=about:blank, ignoreProtectedModeSettings=false, enableElementCacheCleanup=true, cssSelectorsEnabled=true}]&#10;Session ID: fc1d34baec6141128563d22d1a56cb8b" type="org.openqa.selenium.remote.UnreachableBrowserException">org.openqa.selenium.remote.UnreachableBrowserException: 
Error communicating with the remote browser. It may have died.
Build info: version: '3.4.0', revision: 'unknown', time: 'unknown'
System info: host: 'JYOTHIN-MBP.local', ip: 'fe80:0:0:0:c6b3:1ff:fec2:cb65%en0', os.name: 'Mac OS X', os.arch: 'x86_64', os.version: '10.11.6', java.version: '1.8.0_131'
Driver info: driver.version: RemoteWebDriver
Capabilities [{enablePersistentHover=true, ie.fileUploadDialogTimeout=3000.0, platform=WINDOWS, ie.ensureCleanSession=false, ie.browserCommandLineSwitches=, requireWindowFocus=false, takesScreenshot=true, browserName=internet explorer, javascriptEnabled=true, unexpectedAlertBehaviour=dismiss, browserAttachTimeout=0.0, ie.enableFullPageScreenshot=true, ie.forceCreateProcessApi=false, ie.forceShellWindowsApi=false, pageLoadStrategy=normal, ignoreZoomSetting=false, hasMetadata=true, version=11, nativeEvents=true, elementScrollBehavior=0.0, webdriver.remote.sessionid=fc1d34baec6141128563d22d1a56cb8b, initialBrowserUrl=about:blank, ignoreProtectedModeSettings=false, enableElementCacheCleanup=true, cssSelectorsEnabled=true}]
Session ID: fc1d34baec6141128563d22d1a56cb8b
	at com.browserstack.benchmark.saucelabs.TestSuite2.verifyAlertTextTest(TestSuite2.java:375)
Caused by: org.apache.http.NoHttpResponseException: ondemand.saucelabs.com:443 failed to respond
	at com.browserstack.benchmark.saucelabs.TestSuite2.verifyAlertTextTest(TestSuite2.java:375)
</error>
    <system-out><![CDATA[SauceOnDemandSessionID=fc1d34baec6141128563d22d1a56cb8b job-name=com.browserstack.benchmark.saucelabs.TestSuite2.verifyAlertTextTest[0]
Job link: https://saucelabs.com/jobs/fc1d34baec6141128563d22d1a56cb8b?auth=5b28be3cf8564321a6335878b4fa9503
]]></system-out>
    <system-err><![CDATA[Jul 05, 2017 10:39:51 PM org.openqa.selenium.remote.ProtocolHandshake createSession
INFO: Detected dialect: OSS
]]></system-err>
  </testcase>
  <testcase name="verifyContextClickElementTest[0]" classname="com.browserstack.benchmark.saucelabs.TestSuite2" time="62.04"/>
  <testcase name="verifyTitleTest[0]" classname="com.browserstack.benchmark.saucelabs.TestSuite2" time="72.267"/>
  <testcase name="verifyDragAndDropTest[0]" classname="com.browserstack.benchmark.saucelabs.TestSuite2" time="93.499">
    <failure message="Values should be different. Actual: 9" type="java.lang.AssertionError">java.lang.AssertionError: Values should be different. Actual: 9
	at com.browserstack.benchmark.saucelabs.TestSuite2.verifyDragAndDropTest(TestSuite2.java:653)
</failure>
    <system-out><![CDATA[SauceOnDemandSessionID=c083721e79e7429b93a6149029fe9150 job-name=com.browserstack.benchmark.saucelabs.TestSuite2.verifyDragAndDropTest[0]
Job link: https://saucelabs.com/jobs/c083721e79e7429b93a6149029fe9150?auth=3392ae1e5f4d0b80f1dac2f539096edb
]]></system-out>
    <system-err><![CDATA[Jul 05, 2017 10:39:30 PM org.openqa.selenium.remote.ProtocolHandshake createSession
INFO: Detected dialect: OSS
]]></system-err>
  </testcase>
  <testcase name="verifySwitchToFrameTest[0]" classname="com.browserstack.benchmark.saucelabs.TestSuite2" time="48.655"/>
  <testcase name="verifyClickAndHoldAndReleaseTest[0]" classname="com.browserstack.benchmark.saucelabs.TestSuite2" time="31.518"/>
  <testcase name="verifySendKeysTest[0]" classname="com.browserstack.benchmark.saucelabs.TestSuite2" time="109.676"/>
  <testcase name="verifyActionMoveToClickTest[0]" classname="com.browserstack.benchmark.saucelabs.TestSuite2" time="116.487"/>
  <testcase name="verifyControlKeyDownTest[0]" classname="com.browserstack.benchmark.saucelabs.TestSuite2" time="130.597">
    <failure type="java.lang.AssertionError">java.lang.AssertionError
	at com.browserstack.benchmark.saucelabs.TestSuite2.verifyControlKeyDownTest(TestSuite2.java:1039)
</failure>
    <system-out><![CDATA[SauceOnDemandSessionID=268125ec2f2748ca8bc7fb581c6d1769 job-name=com.browserstack.benchmark.saucelabs.TestSuite2.verifyControlKeyDownTest[0]
Job link: https://saucelabs.com/jobs/268125ec2f2748ca8bc7fb581c6d1769?auth=57802c6bc080dd8851566ee1fd214e1e
]]></system-out>
    <system-err><![CDATA[Jul 05, 2017 10:40:46 PM org.openqa.selenium.remote.ProtocolHandshake createSession
INFO: Detected dialect: OSS
Jul 05, 2017 10:40:51 PM com.browserstack.benchmark.saucelabs.TestSuite2 verifyControlKeyDownTest
INFO: 
]]></system-err>
  </testcase>
  <testcase name="verifyWindowPositionTest[0]" classname="com.browserstack.benchmark.saucelabs.TestSuite2" time="439.132"/>
  <testcase name="verifyHoldAndReleaseTest[0]" classname="com.browserstack.benchmark.saucelabs.TestSuite2" time="451.121">
    <failure type="java.lang.AssertionError">java.lang.AssertionError
	at com.browserstack.benchmark.saucelabs.TestSuite2.verifyHoldAndReleaseTest(TestSuite2.java:706)
</failure>
    <system-out><![CDATA[SauceOnDemandSessionID=0d6ad94b4f264deab644d2c3482cb819 job-name=com.browserstack.benchmark.saucelabs.TestSuite2.verifyHoldAndReleaseTest[0]
Job link: https://saucelabs.com/jobs/0d6ad94b4f264deab644d2c3482cb819?auth=c046c698b2d74d09141f6d3bb1a3793e
]]></system-out>
    <system-err><![CDATA[Jul 05, 2017 10:46:14 PM org.openqa.selenium.remote.ProtocolHandshake createSession
INFO: Detected dialect: OSS
]]></system-err>
  </testcase>
  <testcase name="verifyActionSendKeysTest[0]" classname="com.browserstack.benchmark.saucelabs.TestSuite2" time="461.78"/>
  <testcase name="verifyFileUploadTest[0]" classname="com.browserstack.benchmark.saucelabs.TestSuite2" time="480.457"/>
  <testcase name="verifyGetElementByPartialLinkTest[0]" classname="com.browserstack.benchmark.saucelabs.TestSuite2" time="483.377"/>
  <testcase name="verifyIsEnabledTest[0]" classname="com.browserstack.benchmark.saucelabs.TestSuite2" time="491.137"/>
  <testcase name="verifyPageSourceTest[0]" classname="com.browserstack.benchmark.saucelabs.TestSuite2" time="493.865"/>
  <testcase name="verifyGetLocalStorageSizeTest[0]" classname="com.browserstack.benchmark.saucelabs.TestSuite2" time="507.965">
    <error type="java.lang.NullPointerException">java.lang.NullPointerException
	at com.browserstack.benchmark.saucelabs.TestSuite2.verifyGetLocalStorageSizeTest(TestSuite2.java:992)
</error>
    <system-out><![CDATA[SauceOnDemandSessionID=7a00eb7dd6ef47d89108fb77c15c5864 job-name=com.browserstack.benchmark.saucelabs.TestSuite2.verifyGetLocalStorageSizeTest[0]
Job link: https://saucelabs.com/jobs/7a00eb7dd6ef47d89108fb77c15c5864?auth=feb1b2832b3a669f45fcb9095750fe34
]]></system-out>
    <system-err><![CDATA[Jul 05, 2017 10:47:46 PM org.openqa.selenium.remote.ProtocolHandshake createSession
INFO: Detected dialect: OSS
]]></system-err>
  </testcase>
  <testcase name="verifyElementLocationTest[0]" classname="com.browserstack.benchmark.saucelabs.TestSuite2" time="511.242"/>
  <testcase name="verifySendKeysClearTest[0]" classname="com.browserstack.benchmark.saucelabs.TestSuite2" time="518.473"/>
  <testcase name="verifyElementMoveTest[0]" classname="com.browserstack.benchmark.saucelabs.TestSuite2" time="12.921"/>
  <testcase name="verifyAlertDismissTest[0]" classname="com.browserstack.benchmark.saucelabs.TestSuite2" time="352.079">
    <error message="Due to a previous error, this job has already finished. You can learn more at https://saucelabs.com/jobs/2019179d73be4defb39799a6fde2654a (WARNING: The server did not provide any stacktrace information)&#10;Command duration or timeout: 304.80 seconds&#10;Build info: version: &apos;3.4.0&apos;, revision: &apos;unknown&apos;, time: &apos;unknown&apos;&#10;System info: host: &apos;JYOTHIN-MBP.local&apos;, ip: &apos;fe80:0:0:0:c6b3:1ff:fec2:cb65%en0&apos;, os.name: &apos;Mac OS X&apos;, os.arch: &apos;x86_64&apos;, os.version: &apos;10.11.6&apos;, java.version: &apos;1.8.0_131&apos;&#10;Driver info: org.openqa.selenium.remote.RemoteWebDriver&#10;Capabilities [{enablePersistentHover=true, ie.fileUploadDialogTimeout=3000.0, platform=WINDOWS, ie.ensureCleanSession=false, ie.browserCommandLineSwitches=, requireWindowFocus=false, takesScreenshot=true, browserName=internet explorer, javascriptEnabled=true, unexpectedAlertBehaviour=dismiss, browserAttachTimeout=0.0, ie.enableFullPageScreenshot=true, ie.forceCreateProcessApi=false, ie.forceShellWindowsApi=false, pageLoadStrategy=normal, ignoreZoomSetting=false, hasMetadata=true, version=11, nativeEvents=true, elementScrollBehavior=0.0, webdriver.remote.sessionid=2019179d73be4defb39799a6fde2654a, initialBrowserUrl=about:blank, ignoreProtectedModeSettings=false, enableElementCacheCleanup=true, cssSelectorsEnabled=true}]&#10;Session ID: 2019179d73be4defb39799a6fde2654a" type="org.openqa.selenium.WebDriverException">org.openqa.selenium.WebDriverException: 
Due to a previous error, this job has already finished. You can learn more at https://saucelabs.com/jobs/2019179d73be4defb39799a6fde2654a (WARNING: The server did not provide any stacktrace information)
Command duration or timeout: 304.80 seconds
Build info: version: '3.4.0', revision: 'unknown', time: 'unknown'
System info: host: 'JYOTHIN-MBP.local', ip: 'fe80:0:0:0:c6b3:1ff:fec2:cb65%en0', os.name: 'Mac OS X', os.arch: 'x86_64', os.version: '10.11.6', java.version: '1.8.0_131'
Driver info: org.openqa.selenium.remote.RemoteWebDriver
Capabilities [{enablePersistentHover=true, ie.fileUploadDialogTimeout=3000.0, platform=WINDOWS, ie.ensureCleanSession=false, ie.browserCommandLineSwitches=, requireWindowFocus=false, takesScreenshot=true, browserName=internet explorer, javascriptEnabled=true, unexpectedAlertBehaviour=dismiss, browserAttachTimeout=0.0, ie.enableFullPageScreenshot=true, ie.forceCreateProcessApi=false, ie.forceShellWindowsApi=false, pageLoadStrategy=normal, ignoreZoomSetting=false, hasMetadata=true, version=11, nativeEvents=true, elementScrollBehavior=0.0, webdriver.remote.sessionid=2019179d73be4defb39799a6fde2654a, initialBrowserUrl=about:blank, ignoreProtectedModeSettings=false, enableElementCacheCleanup=true, cssSelectorsEnabled=true}]
Session ID: 2019179d73be4defb39799a6fde2654a
	at com.browserstack.benchmark.saucelabs.TestSuite2.verifyAlertDismissTest(TestSuite2.java:400)
</error>
    <system-out><![CDATA[SauceOnDemandSessionID=2019179d73be4defb39799a6fde2654a job-name=com.browserstack.benchmark.saucelabs.TestSuite2.verifyAlertDismissTest[0]
Job link: https://saucelabs.com/jobs/2019179d73be4defb39799a6fde2654a?auth=6d43cb503c659b41584e37195dacb25a
]]></system-out>
    <system-err><![CDATA[Jul 05, 2017 10:40:44 PM org.openqa.selenium.remote.ProtocolHandshake createSession
INFO: Detected dialect: OSS
]]></system-err>
  </testcase>
  <testcase name="verifyAlertDismissTest[0]" classname="com.browserstack.benchmark.saucelabs.TestSuite2" time="0">
    <error message="Due to a previous error, this job has already finished. You can learn more at https://saucelabs.com/jobs/2019179d73be4defb39799a6fde2654a (WARNING: The server did not provide any stacktrace information)&#10;Command duration or timeout: 351 milliseconds&#10;Build info: version: &apos;3.4.0&apos;, revision: &apos;unknown&apos;, time: &apos;unknown&apos;&#10;System info: host: &apos;JYOTHIN-MBP.local&apos;, ip: &apos;fe80:0:0:0:c6b3:1ff:fec2:cb65%en0&apos;, os.name: &apos;Mac OS X&apos;, os.arch: &apos;x86_64&apos;, os.version: &apos;10.11.6&apos;, java.version: &apos;1.8.0_131&apos;&#10;Driver info: org.openqa.selenium.remote.RemoteWebDriver&#10;Capabilities [{enablePersistentHover=true, ie.fileUploadDialogTimeout=3000.0, platform=WINDOWS, ie.ensureCleanSession=false, ie.browserCommandLineSwitches=, requireWindowFocus=false, takesScreenshot=true, browserName=internet explorer, javascriptEnabled=true, unexpectedAlertBehaviour=dismiss, browserAttachTimeout=0.0, ie.enableFullPageScreenshot=true, ie.forceCreateProcessApi=false, ie.forceShellWindowsApi=false, pageLoadStrategy=normal, ignoreZoomSetting=false, hasMetadata=true, version=11, nativeEvents=true, elementScrollBehavior=0.0, webdriver.remote.sessionid=2019179d73be4defb39799a6fde2654a, initialBrowserUrl=about:blank, ignoreProtectedModeSettings=false, enableElementCacheCleanup=true, cssSelectorsEnabled=true}]&#10;Session ID: 2019179d73be4defb39799a6fde2654a" type="org.openqa.selenium.WebDriverException">org.openqa.selenium.WebDriverException: 
Due to a previous error, this job has already finished. You can learn more at https://saucelabs.com/jobs/2019179d73be4defb39799a6fde2654a (WARNING: The server did not provide any stacktrace information)
Command duration or timeout: 351 milliseconds
Build info: version: '3.4.0', revision: 'unknown', time: 'unknown'
System info: host: 'JYOTHIN-MBP.local', ip: 'fe80:0:0:0:c6b3:1ff:fec2:cb65%en0', os.name: 'Mac OS X', os.arch: 'x86_64', os.version: '10.11.6', java.version: '1.8.0_131'
Driver info: org.openqa.selenium.remote.RemoteWebDriver
Capabilities [{enablePersistentHover=true, ie.fileUploadDialogTimeout=3000.0, platform=WINDOWS, ie.ensureCleanSession=false, ie.browserCommandLineSwitches=, requireWindowFocus=false, takesScreenshot=true, browserName=internet explorer, javascriptEnabled=true, unexpectedAlertBehaviour=dismiss, browserAttachTimeout=0.0, ie.enableFullPageScreenshot=true, ie.forceCreateProcessApi=false, ie.forceShellWindowsApi=false, pageLoadStrategy=normal, ignoreZoomSetting=false, hasMetadata=true, version=11, nativeEvents=true, elementScrollBehavior=0.0, webdriver.remote.sessionid=2019179d73be4defb39799a6fde2654a, initialBrowserUrl=about:blank, ignoreProtectedModeSettings=false, enableElementCacheCleanup=true, cssSelectorsEnabled=true}]
Session ID: 2019179d73be4defb39799a6fde2654a
</error>
  </testcase>
  <testcase name="verifyDeleteCookieTest[0]" classname="com.browserstack.benchmark.saucelabs.TestSuite2" time="33.16"/>
  <testcase name="verifyGetElementByXpathTest[0]" classname="com.browserstack.benchmark.saucelabs.TestSuite2" time="495.037"/>
  <testcase name="verifyIsSelectedTest[0]" classname="com.browserstack.benchmark.saucelabs.TestSuite2" time="499.708"/>
  <testcase name="verifyGetElementElementsTest[0]" classname="com.browserstack.benchmark.saucelabs.TestSuite2" time="508.966"/>
  <testcase name="verifyActionClickTest[0]" classname="com.browserstack.benchmark.saucelabs.TestSuite2" time="521.636">
    <error message="Expected condition failed: waiting for title to be &quot;Google&quot;. Current title: &quot;Selenium playground&quot; (tried for 10 second(s) with 500 MILLISECONDS interval)&#10;Build info: version: &apos;3.4.0&apos;, revision: &apos;unknown&apos;, time: &apos;unknown&apos;&#10;System info: host: &apos;JYOTHIN-MBP.local&apos;, ip: &apos;fe80:0:0:0:c6b3:1ff:fec2:cb65%en0&apos;, os.name: &apos;Mac OS X&apos;, os.arch: &apos;x86_64&apos;, os.version: &apos;10.11.6&apos;, java.version: &apos;1.8.0_131&apos;&#10;Driver info: org.openqa.selenium.remote.RemoteWebDriver&#10;Capabilities [{enablePersistentHover=true, ie.fileUploadDialogTimeout=3000.0, platform=WINDOWS, ie.ensureCleanSession=false, ie.browserCommandLineSwitches=, requireWindowFocus=false, takesScreenshot=true, browserName=internet explorer, javascriptEnabled=true, unexpectedAlertBehaviour=dismiss, browserAttachTimeout=0.0, ie.enableFullPageScreenshot=true, ie.forceCreateProcessApi=false, ie.forceShellWindowsApi=false, pageLoadStrategy=normal, ignoreZoomSetting=false, hasMetadata=true, version=11, nativeEvents=true, elementScrollBehavior=0.0, webdriver.remote.sessionid=6b6b09d8518042de827934efe3973728, initialBrowserUrl=about:blank, ignoreProtectedModeSettings=false, enableElementCacheCleanup=true, cssSelectorsEnabled=true}]&#10;Session ID: 6b6b09d8518042de827934efe3973728" type="org.openqa.selenium.TimeoutException">org.openqa.selenium.TimeoutException: 
Expected condition failed: waiting for title to be "Google". Current title: "Selenium playground" (tried for 10 second(s) with 500 MILLISECONDS interval)
Build info: version: '3.4.0', revision: 'unknown', time: 'unknown'
System info: host: 'JYOTHIN-MBP.local', ip: 'fe80:0:0:0:c6b3:1ff:fec2:cb65%en0', os.name: 'Mac OS X', os.arch: 'x86_64', os.version: '10.11.6', java.version: '1.8.0_131'
Driver info: org.openqa.selenium.remote.RemoteWebDriver
Capabilities [{enablePersistentHover=true, ie.fileUploadDialogTimeout=3000.0, platform=WINDOWS, ie.ensureCleanSession=false, ie.browserCommandLineSwitches=, requireWindowFocus=false, takesScreenshot=true, browserName=internet explorer, javascriptEnabled=true, unexpectedAlertBehaviour=dismiss, browserAttachTimeout=0.0, ie.enableFullPageScreenshot=true, ie.forceCreateProcessApi=false, ie.forceShellWindowsApi=false, pageLoadStrategy=normal, ignoreZoomSetting=false, hasMetadata=true, version=11, nativeEvents=true, elementScrollBehavior=0.0, webdriver.remote.sessionid=6b6b09d8518042de827934efe3973728, initialBrowserUrl=about:blank, ignoreProtectedModeSettings=false, enableElementCacheCleanup=true, cssSelectorsEnabled=true}]
Session ID: 6b6b09d8518042de827934efe3973728
	at com.browserstack.benchmark.saucelabs.TestSuite2.verifyActionClickTest(TestSuite2.java:633)
</error>
    <system-out><![CDATA[SauceOnDemandSessionID=6b6b09d8518042de827934efe3973728 job-name=com.browserstack.benchmark.saucelabs.TestSuite2.verifyActionClickTest[0]
Job link: https://saucelabs.com/jobs/6b6b09d8518042de827934efe3973728?auth=fc15a5161782877ffb364a1d67a2b235
]]></system-out>
    <system-err><![CDATA[Jul 05, 2017 10:49:15 PM org.openqa.selenium.remote.ProtocolHandshake createSession
INFO: Detected dialect: OSS
]]></system-err>
  </testcase>
  <testcase name="verifyGetCookiesTest[0]" classname="com.browserstack.benchmark.saucelabs.TestSuite2" time="234.059"/>
  <testcase name="verifyDoubleClickTest[0]" classname="com.browserstack.benchmark.saucelabs.TestSuite2" time="231.983"/>
  <testcase name="verifyBackForwardTest[0]" classname="com.browserstack.benchmark.saucelabs.TestSuite2" time="0">
    <skipped message="Error in test"/>
  </testcase>
  <testcase name="verifyPrintLocalStorageTest[0]" classname="com.browserstack.benchmark.saucelabs.TestSuite2" time="229.2"/>
  <testcase name="verifyImplicitWaitTest[0]" classname="com.browserstack.benchmark.saucelabs.TestSuite2" time="209.035">
    <failure type="java.lang.AssertionError">java.lang.AssertionError
	at com.browserstack.benchmark.saucelabs.TestSuite2.verifyImplicitWaitTest(TestSuite2.java:789)
</failure>
    <system-out><![CDATA[SauceOnDemandSessionID=cca57fe094c648788cd0a5f9c0d1140b job-name=com.browserstack.benchmark.saucelabs.TestSuite2.verifyImplicitWaitTest[0]
Job link: https://saucelabs.com/jobs/cca57fe094c648788cd0a5f9c0d1140b?auth=ccb252c23d0b026a87b675cb6e488bfe
]]></system-out>
    <system-err><![CDATA[Jul 05, 2017 10:50:07 PM org.openqa.selenium.remote.ProtocolHandshake createSession
INFO: Detected dialect: OSS
]]></system-err>
  </testcase>
  <testcase name="verifyWindowHandleTest[0]" classname="com.browserstack.benchmark.saucelabs.TestSuite2" time="199.58"/>
  <testcase name="verifyAddCookieAndGetCookieTest[0]" classname="com.browserstack.benchmark.saucelabs.TestSuite2" time="188.164"/>
  <testcase name="verifyElementSizeTest[0]" classname="com.browserstack.benchmark.saucelabs.TestSuite2" time="188.517"/>
  <testcase name="verifyGetElementByTagNameTest[0]" classname="com.browserstack.benchmark.saucelabs.TestSuite2" time="178.959"/>
  <testcase name="verifyElementMoveInTest[0]" classname="com.browserstack.benchmark.saucelabs.TestSuite2" time="174.594">
    <failure message="expected:&lt;[Hover in]&gt; but was:&lt;[]&gt;" type="org.junit.ComparisonFailure"><![CDATA[org.junit.ComparisonFailure: expected:<[Hover in]> but was:<[]>
	at com.browserstack.benchmark.saucelabs.TestSuite2.verifyElementMoveInTest(TestSuite2.java:594)
]]></failure>
    <system-out><![CDATA[SauceOnDemandSessionID=f0e74bf5ec004292be04b6034250a778 job-name=com.browserstack.benchmark.saucelabs.TestSuite2.verifyElementMoveInTest[0]
Job link: https://saucelabs.com/jobs/f0e74bf5ec004292be04b6034250a778?auth=16a7775e1354d382bf337d2e2e473ef8
]]></system-out>
    <system-err><![CDATA[Jul 05, 2017 10:50:40 PM org.openqa.selenium.remote.ProtocolHandshake createSession
INFO: Detected dialect: OSS
]]></system-err>
  </testcase>
  <testcase name="verifyGetElementsTest[0]" classname="com.browserstack.benchmark.saucelabs.TestSuite2" time="161.454"/>
  <testcase name="verifyGetCssValueTest[0]" classname="com.browserstack.benchmark.saucelabs.TestSuite2" time="156.836"/>
  <testcase name="verifyWindowSizeAndMaximizeTest[0]" classname="com.browserstack.benchmark.saucelabs.TestSuite2" time="144.177"/>
  <testcase name="verifyCurrentUrlTest[0]" classname="com.browserstack.benchmark.saucelabs.TestSuite2" time="135.35"/>
  <testcase name="verifyGetElementByClassNameTest[0]" classname="com.browserstack.benchmark.saucelabs.TestSuite2" time="125.312"/>
  <testcase name="verifyClearLocalStorageTest[0]" classname="com.browserstack.benchmark.saucelabs.TestSuite2" time="105.84">
    <error type="java.lang.NullPointerException">java.lang.NullPointerException
	at com.browserstack.benchmark.saucelabs.TestSuite2.verifyClearLocalStorageTest(TestSuite2.java:979)
</error>
    <system-out><![CDATA[SauceOnDemandSessionID=2db265e00ed34f88853f312b36ed2520 job-name=com.browserstack.benchmark.saucelabs.TestSuite2.verifyClearLocalStorageTest[0]
Job link: https://saucelabs.com/jobs/2db265e00ed34f88853f312b36ed2520?auth=99caf718f742d21e674ce13bead64a34
]]></system-out>
    <system-err><![CDATA[Jul 05, 2017 10:51:17 PM org.openqa.selenium.remote.ProtocolHandshake createSession
INFO: Detected dialect: OSS
]]></system-err>
  </testcase>
  <testcase name="verifyWindowHandlesTest[0]" classname="com.browserstack.benchmark.saucelabs.TestSuite2" time="105.061"/>
  <testcase name="verifySwitchToDefaultContentTest[0]" classname="com.browserstack.benchmark.saucelabs.TestSuite2" time="95.214"/>
  <testcase name="verifyGetElementByCssTest[0]" classname="com.browserstack.benchmark.saucelabs.TestSuite2" time="98.157"/>
  <testcase name="verifyLocalStorageKeyTest[0]" classname="com.browserstack.benchmark.saucelabs.TestSuite2" time="105.691">
    <error type="java.lang.NullPointerException">java.lang.NullPointerException
	at com.browserstack.benchmark.saucelabs.TestSuite2.verifyLocalStorageKeyTest(TestSuite2.java:964)
</error>
    <system-out><![CDATA[SauceOnDemandSessionID=d877768cec48492496b992b97e64ed91 job-name=com.browserstack.benchmark.saucelabs.TestSuite2.verifyLocalStorageKeyTest[0]
Job link: https://saucelabs.com/jobs/d877768cec48492496b992b97e64ed91?auth=60e1f0e6d59d85977c89cf9a3f297005
]]></system-out>
    <system-err><![CDATA[Jul 05, 2017 10:51:54 PM org.openqa.selenium.remote.ProtocolHandshake createSession
INFO: Detected dialect: OSS
]]></system-err>
  </testcase>
  <testcase name="verifyDeleteCookiesTest[0]" classname="com.browserstack.benchmark.saucelabs.TestSuite2" time="98.679"/>
  <testcase name="verifyDisplayTest[0]" classname="com.browserstack.benchmark.saucelabs.TestSuite2" time="98.335"/>
  <testcase name="verifyActiveElementTest[0]" classname="com.browserstack.benchmark.saucelabs.TestSuite2" time="105.53"/>
  <testcase name="verifyWaitForElementVisibilityTest[0]" classname="com.browserstack.benchmark.saucelabs.TestSuite2" time="109.408"/>
  <testcase name="verifyChangeTitleTest[0]" classname="com.browserstack.benchmark.saucelabs.TestSuite2" time="114.917"/>
  <testcase name="verifyDeleteCookieNamedTest[0]" classname="com.browserstack.benchmark.saucelabs.TestSuite2" time="105.348"/>
  <testcase name="verifyGetElementByLinkTest[0]" classname="com.browserstack.benchmark.saucelabs.TestSuite2" time="112.197"/>
  <testcase name="verifyAlertAcceptTest[0]" classname="com.browserstack.benchmark.saucelabs.TestSuite2" time="410.675">
    <error message="Due to a previous error, this job has already finished. You can learn more at https://saucelabs.com/jobs/1893736943634164a9ad6f61750b6aba (WARNING: The server did not provide any stacktrace information)&#10;Command duration or timeout: 305.16 seconds&#10;Build info: version: &apos;3.4.0&apos;, revision: &apos;unknown&apos;, time: &apos;unknown&apos;&#10;System info: host: &apos;JYOTHIN-MBP.local&apos;, ip: &apos;fe80:0:0:0:c6b3:1ff:fec2:cb65%en0&apos;, os.name: &apos;Mac OS X&apos;, os.arch: &apos;x86_64&apos;, os.version: &apos;10.11.6&apos;, java.version: &apos;1.8.0_131&apos;&#10;Driver info: org.openqa.selenium.remote.RemoteWebDriver&#10;Capabilities [{enablePersistentHover=true, ie.fileUploadDialogTimeout=3000.0, platform=WINDOWS, ie.ensureCleanSession=false, ie.browserCommandLineSwitches=, requireWindowFocus=false, takesScreenshot=true, browserName=internet explorer, javascriptEnabled=true, unexpectedAlertBehaviour=dismiss, browserAttachTimeout=0.0, ie.enableFullPageScreenshot=true, ie.forceCreateProcessApi=false, ie.forceShellWindowsApi=false, pageLoadStrategy=normal, ignoreZoomSetting=false, hasMetadata=true, version=11, nativeEvents=true, elementScrollBehavior=0.0, webdriver.remote.sessionid=1893736943634164a9ad6f61750b6aba, initialBrowserUrl=about:blank, ignoreProtectedModeSettings=false, enableElementCacheCleanup=true, cssSelectorsEnabled=true}]&#10;Session ID: 1893736943634164a9ad6f61750b6aba" type="org.openqa.selenium.WebDriverException">org.openqa.selenium.WebDriverException: 
Due to a previous error, this job has already finished. You can learn more at https://saucelabs.com/jobs/1893736943634164a9ad6f61750b6aba (WARNING: The server did not provide any stacktrace information)
Command duration or timeout: 305.16 seconds
Build info: version: '3.4.0', revision: 'unknown', time: 'unknown'
System info: host: 'JYOTHIN-MBP.local', ip: 'fe80:0:0:0:c6b3:1ff:fec2:cb65%en0', os.name: 'Mac OS X', os.arch: 'x86_64', os.version: '10.11.6', java.version: '1.8.0_131'
Driver info: org.openqa.selenium.remote.RemoteWebDriver
Capabilities [{enablePersistentHover=true, ie.fileUploadDialogTimeout=3000.0, platform=WINDOWS, ie.ensureCleanSession=false, ie.browserCommandLineSwitches=, requireWindowFocus=false, takesScreenshot=true, browserName=internet explorer, javascriptEnabled=true, unexpectedAlertBehaviour=dismiss, browserAttachTimeout=0.0, ie.enableFullPageScreenshot=true, ie.forceCreateProcessApi=false, ie.forceShellWindowsApi=false, pageLoadStrategy=normal, ignoreZoomSetting=false, hasMetadata=true, version=11, nativeEvents=true, elementScrollBehavior=0.0, webdriver.remote.sessionid=1893736943634164a9ad6f61750b6aba, initialBrowserUrl=about:blank, ignoreProtectedModeSettings=false, enableElementCacheCleanup=true, cssSelectorsEnabled=true}]
Session ID: 1893736943634164a9ad6f61750b6aba
	at com.browserstack.benchmark.saucelabs.TestSuite2.verifyAlertAcceptTest(TestSuite2.java:388)
</error>
    <system-out><![CDATA[SauceOnDemandSessionID=1893736943634164a9ad6f61750b6aba job-name=com.browserstack.benchmark.saucelabs.TestSuite2.verifyAlertAcceptTest[0]
Job link: https://saucelabs.com/jobs/1893736943634164a9ad6f61750b6aba?auth=263217536205e0981d5097be29b68b40
]]></system-out>
    <system-err><![CDATA[Jul 05, 2017 10:52:42 PM org.openqa.selenium.remote.ProtocolHandshake createSession
INFO: Detected dialect: OSS
]]></system-err>
  </testcase>
  <testcase name="verifyAlertAcceptTest[0]" classname="com.browserstack.benchmark.saucelabs.TestSuite2" time="0">
    <error message="Due to a previous error, this job has already finished. You can learn more at https://saucelabs.com/jobs/1893736943634164a9ad6f61750b6aba (WARNING: The server did not provide any stacktrace information)&#10;Command duration or timeout: 296 milliseconds&#10;Build info: version: &apos;3.4.0&apos;, revision: &apos;unknown&apos;, time: &apos;unknown&apos;&#10;System info: host: &apos;JYOTHIN-MBP.local&apos;, ip: &apos;fe80:0:0:0:c6b3:1ff:fec2:cb65%en0&apos;, os.name: &apos;Mac OS X&apos;, os.arch: &apos;x86_64&apos;, os.version: &apos;10.11.6&apos;, java.version: &apos;1.8.0_131&apos;&#10;Driver info: org.openqa.selenium.remote.RemoteWebDriver&#10;Capabilities [{enablePersistentHover=true, ie.fileUploadDialogTimeout=3000.0, platform=WINDOWS, ie.ensureCleanSession=false, ie.browserCommandLineSwitches=, requireWindowFocus=false, takesScreenshot=true, browserName=internet explorer, javascriptEnabled=true, unexpectedAlertBehaviour=dismiss, browserAttachTimeout=0.0, ie.enableFullPageScreenshot=true, ie.forceCreateProcessApi=false, ie.forceShellWindowsApi=false, pageLoadStrategy=normal, ignoreZoomSetting=false, hasMetadata=true, version=11, nativeEvents=true, elementScrollBehavior=0.0, webdriver.remote.sessionid=1893736943634164a9ad6f61750b6aba, initialBrowserUrl=about:blank, ignoreProtectedModeSettings=false, enableElementCacheCleanup=true, cssSelectorsEnabled=true}]&#10;Session ID: 1893736943634164a9ad6f61750b6aba" type="org.openqa.selenium.WebDriverException">org.openqa.selenium.WebDriverException: 
Due to a previous error, this job has already finished. You can learn more at https://saucelabs.com/jobs/1893736943634164a9ad6f61750b6aba (WARNING: The server did not provide any stacktrace information)
Command duration or timeout: 296 milliseconds
Build info: version: '3.4.0', revision: 'unknown', time: 'unknown'
System info: host: 'JYOTHIN-MBP.local', ip: 'fe80:0:0:0:c6b3:1ff:fec2:cb65%en0', os.name: 'Mac OS X', os.arch: 'x86_64', os.version: '10.11.6', java.version: '1.8.0_131'
Driver info: org.openqa.selenium.remote.RemoteWebDriver
Capabilities [{enablePersistentHover=true, ie.fileUploadDialogTimeout=3000.0, platform=WINDOWS, ie.ensureCleanSession=false, ie.browserCommandLineSwitches=, requireWindowFocus=false, takesScreenshot=true, browserName=internet explorer, javascriptEnabled=true, unexpectedAlertBehaviour=dismiss, browserAttachTimeout=0.0, ie.enableFullPageScreenshot=true, ie.forceCreateProcessApi=false, ie.forceShellWindowsApi=false, pageLoadStrategy=normal, ignoreZoomSetting=false, hasMetadata=true, version=11, nativeEvents=true, elementScrollBehavior=0.0, webdriver.remote.sessionid=1893736943634164a9ad6f61750b6aba, initialBrowserUrl=about:blank, ignoreProtectedModeSettings=false, enableElementCacheCleanup=true, cssSelectorsEnabled=true}]
Session ID: 1893736943634164a9ad6f61750b6aba
</error>
  </testcase>
  <testcase name="verifyExplicitWaitTest[0]" classname="com.browserstack.benchmark.saucelabs.TestSuite2" time="109.468">
    <failure type="java.lang.AssertionError">java.lang.AssertionError
	at com.browserstack.benchmark.saucelabs.TestSuite2.verifyExplicitWaitTest(TestSuite2.java:808)
</failure>
    <system-out><![CDATA[SauceOnDemandSessionID=a2deb9ec7f11428bbde9e73bb5d309c7 job-name=com.browserstack.benchmark.saucelabs.TestSuite2.verifyExplicitWaitTest[0]
Job link: https://saucelabs.com/jobs/a2deb9ec7f11428bbde9e73bb5d309c7?auth=7c5bc5554c77049a877ee77508c1114a
]]></system-out>
    <system-err><![CDATA[Jul 05, 2017 10:52:48 PM org.openqa.selenium.remote.ProtocolHandshake createSession
INFO: Detected dialect: OSS
]]></system-err>
  </testcase>
  <testcase name="verifyGetElementElementTest[0]" classname="com.browserstack.benchmark.saucelabs.TestSuite2" time="115.23"/>
</testsuite>